

Started GET "/" for ::1 at 2015-04-02 23:34:22 +1100
Processing by Rails::WelcomeController#index as HTML
  Rendered /Users/Home/.rvm/gems/ruby-2.1.2/gems/railties-4.2.1/lib/rails/templates/rails/welcome/index.html.erb (1.8ms)
Completed 200 OK in 27ms (Views: 8.3ms | ActiveRecord: 0.0ms)


Started GET "/" for ::1 at 2015-04-02 23:36:16 +1100
Processing by Rails::WelcomeController#index as HTML
  Rendered /Users/Home/.rvm/gems/ruby-2.1.2/gems/railties-4.2.1/lib/rails/templates/rails/welcome/index.html.erb (1.6ms)
Completed 200 OK in 14ms (Views: 6.0ms | ActiveRecord: 0.0ms)


Started GET "/" for ::1 at 2015-04-02 23:36:22 +1100
Processing by Rails::WelcomeController#index as HTML
  Rendered /Users/Home/.rvm/gems/ruby-2.1.2/gems/railties-4.2.1/lib/rails/templates/rails/welcome/index.html.erb (0.1ms)
Completed 200 OK in 1ms (Views: 1.0ms | ActiveRecord: 0.0ms)


Started GET "/" for ::1 at 2015-04-02 23:39:24 +1100
Processing by Rails::WelcomeController#index as HTML
  Rendered /Users/Home/.rvm/gems/ruby-2.1.2/gems/railties-4.2.1/lib/rails/templates/rails/welcome/index.html.erb (2.0ms)
Completed 200 OK in 16ms (Views: 6.3ms | ActiveRecord: 0.0ms)


Started GET "/" for ::1 at 2015-04-02 23:39:36 +1100
Processing by Rails::WelcomeController#index as HTML
  Rendered /Users/Home/.rvm/gems/ruby-2.1.2/gems/railties-4.2.1/lib/rails/templates/rails/welcome/index.html.erb (0.1ms)
Completed 200 OK in 1ms (Views: 1.0ms | ActiveRecord: 0.0ms)


Started GET "/" for ::1 at 2015-04-03 18:38:02 +1100
Processing by Rails::WelcomeController#index as HTML
  Rendered /Users/Home/.rvm/gems/ruby-2.1.2/gems/railties-4.2.1/lib/rails/templates/rails/welcome/index.html.erb (2.4ms)
Completed 200 OK in 27ms (Views: 13.7ms | ActiveRecord: 0.0ms)


Started GET "/home" for ::1 at 2015-04-03 18:41:42 +1100

ActionController::RoutingError (No route matches [GET] "/home"):
  actionpack (4.2.1) lib/action_dispatch/middleware/debug_exceptions.rb:21:in `call'
  web-console (2.1.2) lib/web_console/middleware.rb:37:in `call'
  actionpack (4.2.1) lib/action_dispatch/middleware/show_exceptions.rb:30:in `call'
  railties (4.2.1) lib/rails/rack/logger.rb:38:in `call_app'
  railties (4.2.1) lib/rails/rack/logger.rb:20:in `block in call'
  activesupport (4.2.1) lib/active_support/tagged_logging.rb:68:in `block in tagged'
  activesupport (4.2.1) lib/active_support/tagged_logging.rb:26:in `tagged'
  activesupport (4.2.1) lib/active_support/tagged_logging.rb:68:in `tagged'
  railties (4.2.1) lib/rails/rack/logger.rb:20:in `call'
  actionpack (4.2.1) lib/action_dispatch/middleware/request_id.rb:21:in `call'
  rack (1.6.0) lib/rack/methodoverride.rb:22:in `call'
  rack (1.6.0) lib/rack/runtime.rb:18:in `call'
  activesupport (4.2.1) lib/active_support/cache/strategy/local_cache_middleware.rb:28:in `call'
  rack (1.6.0) lib/rack/lock.rb:17:in `call'
  actionpack (4.2.1) lib/action_dispatch/middleware/static.rb:113:in `call'
  rack (1.6.0) lib/rack/sendfile.rb:113:in `call'
  railties (4.2.1) lib/rails/engine.rb:518:in `call'
  railties (4.2.1) lib/rails/application.rb:164:in `call'
  rack (1.6.0) lib/rack/lock.rb:17:in `call'
  rack (1.6.0) lib/rack/content_length.rb:15:in `call'
  rack (1.6.0) lib/rack/handler/webrick.rb:89:in `service'
  /Users/Home/.rvm/rubies/ruby-2.1.2/lib/ruby/2.1.0/webrick/httpserver.rb:138:in `service'
  /Users/Home/.rvm/rubies/ruby-2.1.2/lib/ruby/2.1.0/webrick/httpserver.rb:94:in `run'
  /Users/Home/.rvm/rubies/ruby-2.1.2/lib/ruby/2.1.0/webrick/server.rb:295:in `block in start_thread'


  Rendered /Users/Home/.rvm/gems/ruby-2.1.2/gems/actionpack-4.2.1/lib/action_dispatch/middleware/templates/rescues/_trace.html.erb (1.8ms)
  Rendered /Users/Home/.rvm/gems/ruby-2.1.2/gems/actionpack-4.2.1/lib/action_dispatch/middleware/templates/routes/_route.html.erb (0.9ms)
  Rendered /Users/Home/.rvm/gems/ruby-2.1.2/gems/actionpack-4.2.1/lib/action_dispatch/middleware/templates/routes/_table.html.erb (14.4ms)
  Rendered /Users/Home/.rvm/gems/ruby-2.1.2/gems/actionpack-4.2.1/lib/action_dispatch/middleware/templates/rescues/_request_and_response.html.erb (12.8ms)
  Rendered /Users/Home/.rvm/gems/ruby-2.1.2/gems/actionpack-4.2.1/lib/action_dispatch/middleware/templates/rescues/routing_error.html.erb within rescues/layout (75.4ms)
  Rendered /Users/Home/.rvm/gems/ruby-2.1.2/gems/web-console-2.1.2/lib/web_console/templates/_markup.html.erb (0.5ms)
  Rendered /Users/Home/.rvm/gems/ruby-2.1.2/gems/web-console-2.1.2/lib/web_console/templates/style.css.erb within layouts/inlined_string (0.5ms)
  Rendered /Users/Home/.rvm/gems/ruby-2.1.2/gems/web-console-2.1.2/lib/web_console/templates/_inner_console_markup.html.erb within layouts/inlined_string (0.7ms)
  Rendered /Users/Home/.rvm/gems/ruby-2.1.2/gems/web-console-2.1.2/lib/web_console/templates/_prompt_box_markup.html.erb within layouts/inlined_string (0.4ms)
  Rendered /Users/Home/.rvm/gems/ruby-2.1.2/gems/web-console-2.1.2/lib/web_console/templates/console.js.erb within layouts/javascript (26.0ms)
  Rendered /Users/Home/.rvm/gems/ruby-2.1.2/gems/web-console-2.1.2/lib/web_console/templates/main.js.erb within layouts/javascript (1.1ms)
  Rendered /Users/Home/.rvm/gems/ruby-2.1.2/gems/web-console-2.1.2/lib/web_console/templates/error_page.js.erb within layouts/javascript (0.7ms)
  Rendered /Users/Home/.rvm/gems/ruby-2.1.2/gems/web-console-2.1.2/lib/web_console/templates/index.html.erb (59.8ms)


Started GET "/pages/home" for ::1 at 2015-04-03 18:41:50 +1100
Processing by PagesController#home as HTML
  Rendered pages/home.html.erb within layouts/application (0.5ms)
Completed 200 OK in 1730ms (Views: 1728.9ms | ActiveRecord: 0.0ms)


Started GET "/assets/pages-64e62ddc273c2f5847f30d698ca14b67.css?body=1" for ::1 at 2015-04-03 18:41:52 +1100


Started GET "/assets/jquery-87424c3c19e96d4fb033c10ebe21ec40.js?body=1" for ::1 at 2015-04-03 18:41:52 +1100


Started GET "/assets/application-5266d2988799ecc8fe6e81eaab412e7d.css?body=1" for ::1 at 2015-04-03 18:41:52 +1100


Started GET "/assets/jquery_ujs-e27bd20a10d28155845a22d71ef94f2f.js?body=1" for ::1 at 2015-04-03 18:41:52 +1100


Started GET "/assets/application-12b8f543cd30f7da91cbc02f9924ff5c.js?body=1" for ::1 at 2015-04-03 18:41:52 +1100


Started GET "/assets/turbolinks-f87b3583ca50adb0488b031297f5580d.js?body=1" for ::1 at 2015-04-03 18:41:52 +1100


Started GET "/assets/pages-fcec5b5a277ac7c20cc9f45a209a3bcd.js?body=1" for ::1 at 2015-04-03 18:41:52 +1100


Started GET "/pages/home" for ::1 at 2015-04-03 18:42:42 +1100
Processing by PagesController#home as HTML
  Rendered pages/home.html.erb within layouts/application (2.2ms)
Completed 200 OK in 89ms (Views: 76.6ms | ActiveRecord: 0.0ms)


Started GET "/" for ::1 at 2015-04-03 18:43:37 +1100
Processing by Rails::WelcomeController#index as HTML
  Rendered /Users/Home/.rvm/gems/ruby-2.1.2/gems/railties-4.2.1/lib/rails/templates/rails/welcome/index.html.erb (1.6ms)
Completed 200 OK in 4ms (Views: 3.6ms | ActiveRecord: 0.0ms)
DEPRECATION WARNING: Defining a route where `to` is a controller without an action is deprecated. Please change `to: :page/home` to `controller: :page/home`. (called from block in <top (required)> at /Users/Home/Documents/stukio_projects/stukdo/config/routes.rb:7)
DEPRECATION WARNING: Defining a route where `to` is a controller without an action is deprecated. Please change `to: :pages/home` to `controller: :pages/home`. (called from block in <top (required)> at /Users/Home/Documents/stukio_projects/stukdo/config/routes.rb:7)


Started GET "/" for ::1 at 2015-04-03 18:46:53 +1100
Processing by PagesController#home as HTML
  Rendered pages/home.html.erb within layouts/application (1.6ms)
Completed 200 OK in 130ms (Views: 119.6ms | ActiveRecord: 0.0ms)


Started GET "/assets/pages-64e62ddc273c2f5847f30d698ca14b67.css?body=1" for ::1 at 2015-04-03 18:46:53 +1100


Started GET "/assets/jquery_ujs-e27bd20a10d28155845a22d71ef94f2f.js?body=1" for ::1 at 2015-04-03 18:46:53 +1100


Started GET "/assets/application-5266d2988799ecc8fe6e81eaab412e7d.css?body=1" for ::1 at 2015-04-03 18:46:53 +1100


Started GET "/assets/turbolinks-f87b3583ca50adb0488b031297f5580d.js?body=1" for ::1 at 2015-04-03 18:46:53 +1100


Started GET "/assets/pages-fcec5b5a277ac7c20cc9f45a209a3bcd.js?body=1" for ::1 at 2015-04-03 18:46:53 +1100


Started GET "/assets/jquery-87424c3c19e96d4fb033c10ebe21ec40.js?body=1" for ::1 at 2015-04-03 18:46:53 +1100


Started GET "/assets/application-12b8f543cd30f7da91cbc02f9924ff5c.js?body=1" for ::1 at 2015-04-03 18:46:53 +1100


Started GET "/" for ::1 at 2015-04-03 18:46:54 +1100
Processing by PagesController#home as HTML
  Rendered pages/home.html.erb within layouts/application (0.1ms)
Completed 200 OK in 65ms (Views: 64.5ms | ActiveRecord: 0.0ms)


Started GET "/assets/pages-64e62ddc273c2f5847f30d698ca14b67.css?body=1" for ::1 at 2015-04-03 18:46:54 +1100


Started GET "/assets/jquery_ujs-e27bd20a10d28155845a22d71ef94f2f.js?body=1" for ::1 at 2015-04-03 18:46:54 +1100


Started GET "/assets/turbolinks-f87b3583ca50adb0488b031297f5580d.js?body=1" for ::1 at 2015-04-03 18:46:54 +1100


Started GET "/assets/jquery-87424c3c19e96d4fb033c10ebe21ec40.js?body=1" for ::1 at 2015-04-03 18:46:54 +1100


Started GET "/assets/application-5266d2988799ecc8fe6e81eaab412e7d.css?body=1" for ::1 at 2015-04-03 18:46:54 +1100


Started GET "/assets/pages-fcec5b5a277ac7c20cc9f45a209a3bcd.js?body=1" for ::1 at 2015-04-03 18:46:54 +1100


Started GET "/assets/application-12b8f543cd30f7da91cbc02f9924ff5c.js?body=1" for ::1 at 2015-04-03 18:46:54 +1100


Started GET "/" for ::1 at 2015-04-03 18:47:25 +1100
Processing by PagesController#home as HTML
  Rendered pages/home.html.erb within layouts/application (0.4ms)
Completed 200 OK in 47ms (Views: 45.9ms | ActiveRecord: 0.0ms)


Started GET "/assets/pages-64e62ddc273c2f5847f30d698ca14b67.css?body=1" for ::1 at 2015-04-03 18:47:26 +1100


Started GET "/assets/jquery-87424c3c19e96d4fb033c10ebe21ec40.js?body=1" for ::1 at 2015-04-03 18:47:26 +1100


Started GET "/assets/turbolinks-f87b3583ca50adb0488b031297f5580d.js?body=1" for ::1 at 2015-04-03 18:47:26 +1100


Started GET "/assets/jquery_ujs-e27bd20a10d28155845a22d71ef94f2f.js?body=1" for ::1 at 2015-04-03 18:47:26 +1100


Started GET "/assets/application-5266d2988799ecc8fe6e81eaab412e7d.css?body=1" for ::1 at 2015-04-03 18:47:26 +1100


Started GET "/assets/pages-fcec5b5a277ac7c20cc9f45a209a3bcd.js?body=1" for ::1 at 2015-04-03 18:47:26 +1100


Started GET "/assets/application-12b8f543cd30f7da91cbc02f9924ff5c.js?body=1" for ::1 at 2015-04-03 18:47:26 +1100
